<?xml version="1.0" encoding="UTF-8"?>
<!-- Generated by org.testng.reporters.JUnitXMLReporter -->
<testsuite hostname="IN7-VMURALEED" ignored="0" name="Unicourt APP test cases" tests="2" failures="0" timestamp="01 Sep 2023 13:42:55 GMT" time="37.039" errors="0">
  <testcase name="caseSearch" time="2.132" classname="com.unicourt.ui.search.CaseSearchTest"/>
  <testcase name="searchCourtCase" time="21.321" classname="com.unicourt.ui.search.SearchCaseTest"/>
</testsuite> <!-- Unicourt APP test cases -->
