<?xml version="1.0" encoding="UTF-8"?>
<testng-results skipped="0" failed="0" ignored="0" total="1" passed="1">
  <reporter-output>
  </reporter-output>
  <suite name="Default suite" duration-ms="21878" started-at="2023-09-01T13:49:25Z" finished-at="2023-09-01T13:49:47Z">
    <groups>
    </groups>
    <test name="Default test" duration-ms="21878" started-at="2023-09-01T13:49:25Z" finished-at="2023-09-01T13:49:47Z">
      <class name="com.unicourt.ui.search.SearchCaseTest">
        <test-method status="PASS" signature="searchCourtCase()[pri:0, instance:com.unicourt.ui.search.SearchCaseTest@3327bd23]" name="searchCourtCase" duration-ms="21832" started-at="2023-09-01T13:49:25Z" finished-at="2023-09-01T13:49:47Z">
          <reporter-output>
          </reporter-output>
        </test-method> <!-- searchCourtCase -->
      </class> <!-- com.unicourt.ui.search.SearchCaseTest -->
    </test> <!-- Default test -->
  </suite> <!-- Default suite -->
</testng-results>
